{"C:\\Users\\minha\\Documents\\BUETHack\\Railway-Booking-System\\Train-Service\\src\\controllers\\trainController.js": {"path":"C:\\Users\\minha\\Documents\\BUETHack\\Railway-Booking-System\\Train-Service\\src\\controllers\\trainController.js","statementMap":{"0":{"start":{"line":1,"column":21},"end":{"line":1,"column":56}},"1":{"start":{"line":5,"column":4},"end":{"line":10,"column":5}},"2":{"start":{"line":6,"column":21},"end":{"line":6,"column":54}},"3":{"start":{"line":7,"column":6},"end":{"line":7,"column":23}},"4":{"start":{"line":9,"column":6},"end":{"line":9,"column":53}},"5":{"start":{"line":14,"column":4},"end":{"line":22,"column":5}},"6":{"start":{"line":15,"column":20},"end":{"line":15,"column":66}},"7":{"start":{"line":16,"column":6},"end":{"line":18,"column":7}},"8":{"start":{"line":17,"column":8},"end":{"line":17,"column":66}},"9":{"start":{"line":19,"column":6},"end":{"line":19,"column":22}},"10":{"start":{"line":21,"column":6},"end":{"line":21,"column":53}},"11":{"start":{"line":26,"column":4},"end":{"line":31,"column":5}},"12":{"start":{"line":27,"column":20},"end":{"line":27,"column":60}},"13":{"start":{"line":28,"column":6},"end":{"line":28,"column":34}},"14":{"start":{"line":30,"column":6},"end":{"line":30,"column":53}},"15":{"start":{"line":35,"column":4},"end":{"line":43,"column":5}},"16":{"start":{"line":36,"column":20},"end":{"line":36,"column":75}},"17":{"start":{"line":37,"column":6},"end":{"line":39,"column":7}},"18":{"start":{"line":38,"column":8},"end":{"line":38,"column":66}},"19":{"start":{"line":40,"column":6},"end":{"line":40,"column":22}},"20":{"start":{"line":42,"column":6},"end":{"line":42,"column":53}},"21":{"start":{"line":47,"column":4},"end":{"line":55,"column":5}},"22":{"start":{"line":48,"column":22},"end":{"line":48,"column":67}},"23":{"start":{"line":49,"column":6},"end":{"line":51,"column":7}},"24":{"start":{"line":50,"column":8},"end":{"line":50,"column":66}},"25":{"start":{"line":52,"column":6},"end":{"line":52,"column":29}},"26":{"start":{"line":54,"column":6},"end":{"line":54,"column":53}},"27":{"start":{"line":59,"column":0},"end":{"line":59,"column":39}}},"fnMap":{"0":{"name":"(anonymous_0)","decl":{"start":{"line":4,"column":2},"end":{"line":4,"column":3}},"loc":{"start":{"line":4,"column":31},"end":{"line":11,"column":3}},"line":4},"1":{"name":"(anonymous_1)","decl":{"start":{"line":13,"column":2},"end":{"line":13,"column":3}},"loc":{"start":{"line":13,"column":31},"end":{"line":23,"column":3}},"line":13},"2":{"name":"(anonymous_2)","decl":{"start":{"line":25,"column":2},"end":{"line":25,"column":3}},"loc":{"start":{"line":25,"column":30},"end":{"line":32,"column":3}},"line":25},"3":{"name":"(anonymous_3)","decl":{"start":{"line":34,"column":2},"end":{"line":34,"column":3}},"loc":{"start":{"line":34,"column":30},"end":{"line":44,"column":3}},"line":34},"4":{"name":"(anonymous_4)","decl":{"start":{"line":46,"column":2},"end":{"line":46,"column":3}},"loc":{"start":{"line":46,"column":30},"end":{"line":56,"column":3}},"line":46}},"branchMap":{"0":{"loc":{"start":{"line":16,"column":6},"end":{"line":18,"column":7}},"type":"if","locations":[{"start":{"line":16,"column":6},"end":{"line":18,"column":7}},{"start":{},"end":{}}],"line":16},"1":{"loc":{"start":{"line":37,"column":6},"end":{"line":39,"column":7}},"type":"if","locations":[{"start":{"line":37,"column":6},"end":{"line":39,"column":7}},{"start":{},"end":{}}],"line":37},"2":{"loc":{"start":{"line":49,"column":6},"end":{"line":51,"column":7}},"type":"if","locations":[{"start":{"line":49,"column":6},"end":{"line":51,"column":7}},{"start":{},"end":{}}],"line":49}},"s":{"0":1,"1":2,"2":2,"3":1,"4":1,"5":2,"6":2,"7":2,"8":1,"9":1,"10":0,"11":0,"12":0,"13":0,"14":0,"15":0,"16":0,"17":0,"18":0,"19":0,"20":0,"21":0,"22":0,"23":0,"24":0,"25":0,"26":0,"27":1},"f":{"0":2,"1":2,"2":0,"3":0,"4":0},"b":{"0":[1,1],"1":[0,0],"2":[0,0]},"_coverageSchema":"1a1c01bbd47fc00a2c39e90264f33305004495a9","hash":"6e842d40fb6c21bbbcd92e77295dbf74fc361f94"}
,"C:\\Users\\minha\\Documents\\BUETHack\\Railway-Booking-System\\Train-Service\\src\\models\\train.js": {"path":"C:\\Users\\minha\\Documents\\BUETHack\\Railway-Booking-System\\Train-Service\\src\\models\\train.js","statementMap":{"0":{"start":{"line":1,"column":22},"end":{"line":1,"column":42}},"1":{"start":{"line":2,"column":18},"end":{"line":2,"column":47}},"2":{"start":{"line":4,"column":14},"end":{"line":50,"column":2}},"3":{"start":{"line":52,"column":0},"end":{"line":52,"column":23}}},"fnMap":{},"branchMap":{},"s":{"0":1,"1":1,"2":1,"3":1},"f":{},"b":{},"_coverageSchema":"1a1c01bbd47fc00a2c39e90264f33305004495a9","hash":"bf4994dd921fa33a7dc26ca46466082c632556d2"}
,"C:\\Users\\minha\\Documents\\BUETHack\\Railway-Booking-System\\Train-Service\\src\\routes\\trainRoutes.js": {"path":"C:\\Users\\minha\\Documents\\BUETHack\\Railway-Booking-System\\Train-Service\\src\\routes\\trainRoutes.js","statementMap":{"0":{"start":{"line":1,"column":16},"end":{"line":1,"column":34}},"1":{"start":{"line":2,"column":15},"end":{"line":2,"column":31}},"2":{"start":{"line":3,"column":24},"end":{"line":3,"column":65}},"3":{"start":{"line":5,"column":0},"end":{"line":5,"column":46}},"4":{"start":{"line":6,"column":0},"end":{"line":6,"column":49}},"5":{"start":{"line":7,"column":0},"end":{"line":7,"column":46}},"6":{"start":{"line":8,"column":0},"end":{"line":8,"column":48}},"7":{"start":{"line":9,"column":0},"end":{"line":9,"column":51}},"8":{"start":{"line":11,"column":0},"end":{"line":11,"column":24}}},"fnMap":{},"branchMap":{},"s":{"0":0,"1":0,"2":0,"3":0,"4":0,"5":0,"6":0,"7":0,"8":0},"f":{},"b":{}}
,"C:\\Users\\minha\\Documents\\BUETHack\\Railway-Booking-System\\Train-Service\\src\\services\\trainService.js": {"path":"C:\\Users\\minha\\Documents\\BUETHack\\Railway-Booking-System\\Train-Service\\src\\services\\trainService.js","statementMap":{"0":{"start":{"line":1,"column":14},"end":{"line":1,"column":40}},"1":{"start":{"line":5,"column":4},"end":{"line":5,"column":33}},"2":{"start":{"line":9,"column":4},"end":{"line":9,"column":36}},"3":{"start":{"line":13,"column":4},"end":{"line":13,"column":41}},"4":{"start":{"line":17,"column":18},"end":{"line":17,"column":42}},"5":{"start":{"line":18,"column":4},"end":{"line":18,"column":28}},"6":{"start":{"line":18,"column":16},"end":{"line":18,"column":28}},"7":{"start":{"line":19,"column":4},"end":{"line":19,"column":41}},"8":{"start":{"line":23,"column":18},"end":{"line":23,"column":42}},"9":{"start":{"line":24,"column":4},"end":{"line":24,"column":29}},"10":{"start":{"line":24,"column":16},"end":{"line":24,"column":29}},"11":{"start":{"line":25,"column":4},"end":{"line":25,"column":26}},"12":{"start":{"line":26,"column":4},"end":{"line":26,"column":16}},"13":{"start":{"line":30,"column":0},"end":{"line":30,"column":36}}},"fnMap":{"0":{"name":"(anonymous_0)","decl":{"start":{"line":4,"column":2},"end":{"line":4,"column":3}},"loc":{"start":{"line":4,"column":23},"end":{"line":6,"column":3}},"line":4},"1":{"name":"(anonymous_1)","decl":{"start":{"line":8,"column":2},"end":{"line":8,"column":3}},"loc":{"start":{"line":8,"column":25},"end":{"line":10,"column":3}},"line":8},"2":{"name":"(anonymous_2)","decl":{"start":{"line":12,"column":2},"end":{"line":12,"column":3}},"loc":{"start":{"line":12,"column":31},"end":{"line":14,"column":3}},"line":12},"3":{"name":"(anonymous_3)","decl":{"start":{"line":16,"column":2},"end":{"line":16,"column":3}},"loc":{"start":{"line":16,"column":35},"end":{"line":20,"column":3}},"line":16},"4":{"name":"(anonymous_4)","decl":{"start":{"line":22,"column":2},"end":{"line":22,"column":3}},"loc":{"start":{"line":22,"column":24},"end":{"line":27,"column":3}},"line":22}},"branchMap":{"0":{"loc":{"start":{"line":18,"column":4},"end":{"line":18,"column":28}},"type":"if","locations":[{"start":{"line":18,"column":4},"end":{"line":18,"column":28}},{"start":{},"end":{}}],"line":18},"1":{"loc":{"start":{"line":24,"column":4},"end":{"line":24,"column":29}},"type":"if","locations":[{"start":{"line":24,"column":4},"end":{"line":24,"column":29}},{"start":{},"end":{}}],"line":24}},"s":{"0":2,"1":2,"2":2,"3":2,"4":2,"5":0,"6":0,"7":0,"8":2,"9":0,"10":0,"11":0,"12":0,"13":2},"f":{"0":2,"1":2,"2":2,"3":2,"4":2},"b":{"0":[0,0],"1":[0,0]},"_coverageSchema":"1a1c01bbd47fc00a2c39e90264f33305004495a9","hash":"9ef112aa8cbff2576d55102da35454be91c4c178"}
}
